>Alternaria_solani
>Aspergillus_fumigatus
>Aureobasidium_mangrovei
>Aureobasidium_melanogenum
>Baudoinia_panamericana
>Cenococcum_geophilum
>Coniosporium_apollinis
>Coniosporium_tulheliweneti_JES115
>Coniosporium_uncinatum
>Friedmanniomyces_endolithicus
>Friedmanniomyces_simplex
>Hortaea_werneckii
>Leptosphaeria_maculans
>Neohortaea_acidophila
>Phaeosphaeria_breonadiae
>Plenodomus_lingam
>Polychaeton_citri
>Polyplosphaeria_fusca
>Salinomyces_thailandicus
>Scorias_sp.
>Scorias_spongiosa
>Taxawa_tesnikishii
>Teratosphaeria_gauchensis
>Teratosphaeria_sp.
>Venturia_inaequalis
>Zalaria_obscura
>Zymoseptoria_tritici
